SF:lib/src/catalog/catalog_state.dart
DA:4,0
DA:5,0
DA:13,1
DA:15,1
DA:16,2
LF:5
LH:3
end_of_record
SF:lib/src/catalog/catalog_bloc.dart
DA:13,3
DA:14,2
DA:17,1
DA:19,2
DA:20,5
DA:22,2
LF:6
LH:6
end_of_record
SF:lib/src/catalog/catalog_event.dart
DA:4,0
DA:5,0
LF:2
LH:0
end_of_record
SF:lib/src/catalog/item.dart
DA:8,2
DA:14,2
DA:15,1
DA:16,1
DA:17,2
DA:20,2
DA:21,1
DA:22,1
DA:23,1
DA:26,1
DA:27,4
LF:11
LH:11
end_of_record
SF:lib/src/cart/cart_state.dart
DA:7,2
DA:9,1
DA:11,0
DA:12,0
DA:13,0
DA:16,2
DA:17,5
DA:18,2
DA:21,1
DA:22,3
LF:10
LH:7
end_of_record
SF:lib/src/cart/cart_event.dart
DA:4,0
DA:5,0
DA:10,1
DA:11,0
DA:12,0
DA:17,0
DA:18,0
DA:19,0
DA:25,1
DA:26,0
DA:27,0
DA:33,1
DA:34,0
DA:35,0
LF:14
LH:3
end_of_record
SF:lib/src/cart/cart_bloc.dart
DA:13,3
DA:14,2
DA:15,2
DA:16,2
DA:17,2
DA:18,2
DA:19,2
DA:20,2
DA:23,1
DA:24,4
DA:25,3
DA:26,3
DA:27,2
DA:28,3
DA:29,2
DA:30,1
DA:33,1
DA:34,3
DA:35,7
DA:36,1
DA:37,0
DA:39,3
DA:41,1
DA:44,0
DA:45,0
DA:46,0
DA:49,1
DA:50,12
DA:51,1
DA:54,1
DA:55,12
DA:56,1
DA:59,1
DA:60,3
DA:61,2
DA:62,2
DA:65,1
DA:66,2
DA:67,2
DA:68,3
DA:69,1
DA:73,1
DA:74,2
DA:75,2
DA:76,3
DA:77,1
DA:81,0
DA:82,0
DA:84,1
DA:85,1
LF:50
LH:44
end_of_record
SF:lib/src/cart/models.dart
DA:9,1
DA:15,9
DA:17,2
DA:18,1
DA:19,1
DA:20,1
DA:23,0
DA:24,0
DA:25,0
DA:26,0
DA:29,2
DA:30,2
DA:31,1
DA:32,1
DA:35,1
DA:36,4
DA:44,2
DA:50,0
DA:51,0
DA:52,0
DA:53,0
DA:56,2
DA:57,1
DA:58,1
DA:59,1
DA:62,0
DA:63,0
LF:27
LH:17
end_of_record
